mLocARNA --- multiple Local (and global) Alignment of RNA --- LocARNA 1.6
Copyright Sebastian Will

Compute pair probs ...
Compute match probabilities ...
Consistency transform match probabilities ...
Compute pairwise alignments ... 
Perform progressive alignment ...


fdhA               CGC-CACCCUGCGAACCCAAUAUAAAAUAAUACAAGGGAGCAG-GUGG-CG
fwdB               AUG-UUGGAGGGGAACCCGU-------------AAGGGACCCUCCAAG-AU
hdrA               GG--CACCACUCGAAGGCU--------------AAGCCAAAGUGGUG--CU
selD               UUACGAUGUGCCGAACCCUU------------UAAGGGAGGCACAUCGAAA
vhuD               GU--UCUCUCGGGAACCCGU------------CAAGGGACCGAGAGA--AC
vhuU               AGC-UCACAACCGAACCCAU-------------UUGGGAGGUUGUGAG-CU
fruA               CC--UC-GAGGGGAACCCGA-------------AAGGGACCCG-AGA--GG
alifold            ((..((((((((...(((.................))).))))))))..)) \
                                                 (-36.33 = -18.09 + -18.24) 
reliability
- 10%              ### #########**###**            ***###*######### ##
- 20%              ##* ########***###**             **###*########* ##
- 30%              ##* ########***###**             **###*########  ##
- 40%              ##  ########***###**             **###*########  ##
- 50%              ##  ###*####***###**             **###*#### ###  ##
- 60%              ##  *# **###***###*              **###*###* *#*  ##
- 70%              ##      *##****##**              ***##**##*      ##
- 80%              #*      **********                ********       *#
- 90%              #         ********                 ******         #
-100%                           ***                                   
fwdB               `(..((((((((...(((.................))).))))))))..)'
hdrA               {(..(((((((....(((.................)))..)))))))..)}
vhuD               ((..((((((((...(((.................))).))))))))..))
fruA               ((..((...(((...(((.................))).)))...))..))
vhuU               {((.((((((((...(((.................))).))))))))).)}
fdhA               {((.(((.{(((...(((..{{{`...'.}}}...))).)))}.)))).)}
selD               `(.(((((((((...(((`...............'))).))))))))).)'
